{"name": "test_click_header_links_waitfor_correct_url_2", "status": "broken", "statusDetails": {"message": "selenium.common.exceptions.TimeoutException: Message: \nStacktrace:\nRemoteError@chrome://remote/content/shared/RemoteError.sys.mjs:8:8\nWebDriverError@chrome://remote/content/shared/webdriver/Errors.sys.mjs:180:5\nNoSuchElementError@chrome://remote/content/shared/webdriver/Errors.sys.mjs:392:5\nelement.find/</<@chrome://remote/content/marionette/element.sys.mjs:134:16", "trace": "self = <test_3_header_links.TestCheckHeaderLinks object at 0x10179fed0>\ndriver = <selenium.webdriver.firefox.webdriver.WebDriver (session=\"cfd8b31a-4010-4d0d-a8bf-d666a1e9e5fe\")>\nget_the_page = <selenium.webdriver.firefox.webdriver.WebDriver (session=\"cfd8b31a-4010-4d0d-a8bf-d666a1e9e5fe\")>\n\n    def test_click_header_links_waitfor_correct_url_2(self, driver, get_the_page):\n>       CheckHeaderLinks(driver).click_yandex_link()\n\ntests/test_3_header_links.py:11: \n_ _ _ _ _ _ _ _ _ _ _ _ _ _ _ _ _ _ _ _ _ _ _ _ _ _ _ _ _ _ _ _ _ _ _ _ _ _ _ _ _ _ _ _ _ _ _ _ _ _ _ _ _ _ _ _ _ _ _ _ _ _ _ _ _ _ _ _ _ _ _ _ _ _ _ _ _ _ _ _ _ _ _ _ _ _ \npages/header_links.py:25: in click_yandex_link\n    WebDriverWait(self.driver, 10).until(EC.visibility_of_element_located((Locators.YANDEX_LOGIN_BUTTON)))\n_ _ _ _ _ _ _ _ _ _ _ _ _ _ _ _ _ _ _ _ _ _ _ _ _ _ _ _ _ _ _ _ _ _ _ _ _ _ _ _ _ _ _ _ _ _ _ _ _ _ _ _ _ _ _ _ _ _ _ _ _ _ _ _ _ _ _ _ _ _ _ _ _ _ _ _ _ _ _ _ _ _ _ _ _ _ \n\nself = <selenium.webdriver.support.wait.WebDriverWait (session=\"cfd8b31a-4010-4d0d-a8bf-d666a1e9e5fe\")>\nmethod = <function visibility_of_element_located.<locals>._predicate at 0x101f35760>, message = ''\n\n    def until(self, method, message: str = \"\"):\n        \"\"\"Calls the method provided with the driver as an argument until the \\\n        return value does not evaluate to ``False``.\n    \n        :param method: callable(WebDriver)\n        :param message: optional message for :exc:`TimeoutException`\n        :returns: the result of the last call to `method`\n        :raises: :exc:`selenium.common.exceptions.TimeoutException` if timeout occurs\n        \"\"\"\n        screen = None\n        stacktrace = None\n    \n        end_time = time.monotonic() + self._timeout\n        while True:\n            try:\n                value = method(self._driver)\n                if value:\n                    return value\n            except self._ignored_exceptions as exc:\n                screen = getattr(exc, \"screen\", None)\n                stacktrace = getattr(exc, \"stacktrace\", None)\n            time.sleep(self._poll)\n            if time.monotonic() > end_time:\n                break\n>       raise TimeoutException(message, screen, stacktrace)\nE       selenium.common.exceptions.TimeoutException: Message: \nE       Stacktrace:\nE       RemoteError@chrome://remote/content/shared/RemoteError.sys.mjs:8:8\nE       WebDriverError@chrome://remote/content/shared/webdriver/Errors.sys.mjs:180:5\nE       NoSuchElementError@chrome://remote/content/shared/webdriver/Errors.sys.mjs:392:5\nE       element.find/</<@chrome://remote/content/marionette/element.sys.mjs:134:16\n\nvenv/lib/python3.11/site-packages/selenium/webdriver/support/wait.py:95: TimeoutException"}, "start": 1680449809362, "stop": 1680449819711, "uuid": "30178cf7-257d-4cfa-baa0-247eed02bd31", "historyId": "0dc53390ea650dcb4c032739a2274499", "testCaseId": "a893f8f8f106e1f9d0d462c1a8ea288c", "fullName": "tests.test_3_header_links.TestCheckHeaderLinks#test_click_header_links_waitfor_correct_url_2", "labels": [{"name": "parentSuite", "value": "tests"}, {"name": "suite", "value": "test_3_header_links"}, {"name": "subSuite", "value": "TestCheckHeaderLinks"}, {"name": "host", "value": "mbp-georgiy"}, {"name": "thread", "value": "42341-MainThread"}, {"name": "framework", "value": "pytest"}, {"name": "language", "value": "cpython3"}, {"name": "package", "value": "tests.test_3_header_links"}]}